2025-03-26 13:17:04,947 INFO [MainThread] Modèle YOLO chargé avec succès
2025-03-26 13:17:04,964 WARNING [MainThread]  * Debugger is active!
2025-03-26 13:17:04,965 INFO [MainThread]  * Debugger PIN: 242-185-808
2025-03-26 13:17:12,297 INFO [Thread-2 (process_request_thread)] SELECT DATABASE()
2025-03-26 13:17:12,298 INFO [Thread-2 (process_request_thread)] [raw sql] ()
2025-03-26 13:17:12,298 INFO [Thread-2 (process_request_thread)] SELECT @@sql_mode
2025-03-26 13:17:12,299 INFO [Thread-2 (proc2025-03-26 13:25:52,594 INFO [MainThread]  * Restarting with stat
read-2 (process_request_thread)] SELECT @@lower_case_table_names
2025-03-26 13:17:12,299 INFO [Thread-2 (process_request_thread)] [raw sql] ()
2025-03-26 13:17:12,299 INFO [Thread-2 (process_request_thread)] BEGIN (implicit)
2025-03-26 13:17:12,313 INFO [Thread-2 (process_request_thread)] SELECT events.id AS events_id, events.`Name_event` AS `events_Name_event` 
FROM events 
WHERE events.id = %s 
 LIMIT %s
2025-03-26 13:17:12,313 INFO [Thread-2 (process_request_thread)] [generated in 0.00018s] (1, 1)
2025-03-26 13:17:12,314 INFO [Thread-2 (process_request_thread)] ROLLBACK
2025-03-26 13:17:12,315 INFO [Thread-2 (process_request_thread)] 127.0.0.1 - - [26/Mar/2025 13:17:12] "POST /recognition/start_event/1 HTTP/1.1" 200 -
2025-03-26 13:17:12,315 INFO [LoadMembers-1] BEGIN (implicit)
2025-03-26 13:17:12,316 INFO [LoadMembers-1] SELECT members.id AS members_id, members.`Name` AS `members_Name`, members.`First_name` AS `members_First_name`, members.`Image` AS `members_Image` 
FROM members
2025-03-26 13:17:12,316 INFO [LoadMembers-1] [generated in 0.00020s] ()
2025-03-26 13:17:12,521 INFO [VideoCapture-1] Capture initialisée avec source: {'type': 'ip', 'url': 'https://192.168.1.171:8080/video', 'timeout': 5000}
2025-03-26 13:17:12,935 INFO [LoadMembers-1] 3 membres traités en 0.62s
2025-03-26 13:17:12,935 INFO [LoadMembers-1] ROLLBACK
2025-03-26 13:17:13,317 INFO [ProcessFrames-1] BEGIN (implicit)
2025-03-26 13:17:13,317 INFO [ProcessFrames-1] SELECT events.id AS events_id, events.target_type AS events_target_type, events.`Id_group` AS `events_Id_group` 
FROM events 
WHERE events.id = %s 
 LIMIT %s
2025-03-26 13:17:13,318 INFO [ProcessFrames-1] [generated in 0.00020s] (1, 1)
2025-03-26 13:17:13,319 INFO [ProcessFrames-1] SELECT members.`Name` AS `members_Name`, members.`First_name` AS `members_First_name` 
FROM `groups` INNER JOIN members_groups AS members_groups_1 ON `groups`.id = members_groups_1.group_id INNER JOIN members ON members.id = members_groups_1.member_id 
WHERE `groups`.id = %s
2025-03-26 13:17:13,319 INFO [ProcessFrames-1] [generated in 0.00020s] (1,)
2025-03-26 13:24:44,401 WARNING [VideoCapture-1] Problème lecture flux - réinitialisation...
2025-03-26 13:24:50,998 ERROR [VideoCapture-1] Aucune source vidéo valide trouvée
2025-03-26 13:24:57,573 ERROR [VideoCapture-1] Aucune source vidéo valide trouvée
2025-03-26 13:25:04,157 ERROR [VideoCapture-1] Aucune source vidéo valide trouvée
2025-03-26 13:25:10,743 ERROR [VideoCapture-1] Aucune source vidéo valide trouvée
2025-03-26 13:25:17,327 ERROR [VideoCapture-1] Aucune source vidéo valide trouvée
2025-03-26 13:25:23,914 ERROR [VideoCapture-1] Aucune source vidéo valide trouvée
2025-03-26 13:25:30,517 ERROR [VideoCapture-1] Aucune source vidéo valide trouvée
2025-03-26 13:25:37,109 ERROR [VideoCapture-1] Aucune source vidéo valide trouvée
2025-03-26 13:25:43,698 ERROR [VideoCapture-1] Aucune source vidéo valide trouvée
2025-03-26 13:25:50,288 ERROR [VideoCapture-1] Aucune source vidéo valide trouvée
2025-03-26 13:25:52,184 INFO [MainThread]  * Detected change in 'D:\\worshipID\\Back-end\\app\\controlleur\\recognize.py', reloading
